
Showing logs for build [32mcb-kubecd-environment-pr-23-9-b-wrprq-1[0m stage [32mfrom-build-pack[0m and container [32mstep-credential-initializer-7fwvh[0m
{"level":"warn","ts":1568887435.7869864,"logger":"fallback-logger","caller":"logging/config.go:69","msg":"Fetch GitHub commit ID from kodata failed: \"ref: refs/heads/master\" is not a valid GitHub commit ID"}
{"level":"info","ts":1568887435.7880895,"logger":"fallback-logger","caller":"creds-init/main.go:40","msg":"Credentials initialized."}

Showing logs for build [32mcb-kubecd-environment-pr-23-9-b-wrprq-1[0m stage [32mfrom-build-pack[0m and container [32mstep-working-dir-initializer-fcpbs[0m
{"level":"warn","ts":1568887436.8107035,"logger":"fallback-logger","caller":"logging/config.go:69","msg":"Fetch GitHub commit ID from kodata failed: open /var/run/ko/HEAD: no such file or directory"}
{"level":"info","ts":1568887436.816035,"logger":"fallback-logger","caller":"bash/main.go:65","msg":"Successfully executed command \"mkdir -p /workspace/source /workspace/source/env\""}

Showing logs for build [32mcb-kubecd-environment-pr-23-9-b-wrprq-1[0m stage [32mfrom-build-pack[0m and container [32mstep-place-tools[0m

Showing logs for build [32mcb-kubecd-environment-pr-23-9-b-wrprq-1[0m stage [32mfrom-build-pack[0m and container [32mstep-git-source-cb-kubecd-environment-pr-23-9-b-vk2vd[0m
{"level":"warn","ts":1568887442.8428738,"logger":"fallback-logger","caller":"logging/config.go:69","msg":"Fetch GitHub commit ID from kodata failed: \"ref: refs/heads/master\" is not a valid GitHub commit ID"}
{"level":"info","ts":1568887443.9269276,"logger":"fallback-logger","caller":"git/git.go:102","msg":"Successfully cloned https://github.com/cb-kubecd/environment-pr-23-9-boot-local-staging.git @ 09df81802510d81b007528403e0af7631a2361f7 in path /workspace/source"}

Showing logs for build [32mcb-kubecd-environment-pr-23-9-b-wrprq-1[0m stage [32mfrom-build-pack[0m and container [32mstep-git-merge[0m
Using SHAs from PULL_REFS=master:cef2f1545dbd7986b5645cbb0c308d608e933cb4,6:09df81802510d81b007528403e0af7631a2361f7
DEBUG: ran git fetch --unshallow origin 09df81802510d81b007528403e0af7631a2361f7: cef2f1545dbd7986b5645cbb0c308d608e933cb4: in 
DEBUG: ran git checkout master in 
DEBUG: ran git reset --hard cef2f1545dbd7986b5645cbb0c308d608e933cb4 in 
DEBUG: ran clean --force -d . in 
DEBUG: ran git merge 09df81802510d81b007528403e0af7631a2361f7 in 
Merged SHA 09df81802510d81b007528403e0af7631a2361f7 with commit message 'chore: Promote bdd-ghf**y-1568885046 to version 0.0.1' into base branch master

Showing logs for build [32mcb-kubecd-environment-pr-23-9-b-wrprq-1[0m stage [32mfrom-build-pack[0m and container [32mstep-build-helm-build[0m
WARNING: No $CHART_REPOSITORY defined so using the default value of: http://jenkins-x-chartmuseum:8080
Adding missing Helm repo: storage.googleapis.com https://storage.googleapis.com/chartmuseum.jenkins-x.io
Read credentials for https://storage.googleapis.com/chartmuseum.jenkins-x.io from vault helm/repos
Successfully added Helm repository storage.googleapis.com.
Adding missing Helm repo: jenkins-x-chartmuseum http://jenkins-x-chartmuseum:8080
Read credentials for http://jenkins-x-chartmuseum:8080 from vault helm/repos
Successfully added Helm repository jenkins-x-chartmuseum.
WARNING: No $CHART_REPOSITORY defined so using the default value of: http://jenkins-x-chartmuseum:8080
Adding missing Helm repo: chartmuseum.jenkins-x.io http://chartmuseum.jenkins-x.io
Read credentials for http://chartmuseum.jenkins-x.io from vault helm/repos
Successfully added Helm repository chartmuseum.jenkins-x.io.
