
Showing logs for build [32mcb-kubecd-environment-pr-23-9-b-wmn8n-1[0m stage [32mfrom-build-pack[0m and container [32mstep-credential-initializer-rx75l[0m
{"level":"warn","ts":1568885612.843947,"logger":"fallback-logger","caller":"logging/config.go:69","msg":"Fetch GitHub commit ID from kodata failed: \"ref: refs/heads/master\" is not a valid GitHub commit ID"}
{"level":"info","ts":1568885612.844455,"logger":"fallback-logger","caller":"creds-init/main.go:40","msg":"Credentials initialized."}

Showing logs for build [32mcb-kubecd-environment-pr-23-9-b-wmn8n-1[0m stage [32mfrom-build-pack[0m and container [32mstep-working-dir-initializer-c8rg4[0m
{"level":"warn","ts":1568885613.764875,"logger":"fallback-logger","caller":"logging/config.go:69","msg":"Fetch GitHub commit ID from kodata failed: open /var/run/ko/HEAD: no such file or directory"}
{"level":"info","ts":1568885613.7662659,"logger":"fallback-logger","caller":"bash/main.go:65","msg":"Successfully executed command \"mkdir -p /workspace/source /workspace/source/env\""}

Showing logs for build [32mcb-kubecd-environment-pr-23-9-b-wmn8n-1[0m stage [32mfrom-build-pack[0m and container [32mstep-place-tools[0m

Showing logs for build [32mcb-kubecd-environment-pr-23-9-b-wmn8n-1[0m stage [32mfrom-build-pack[0m and container [32mstep-git-source-cb-kubecd-environment-pr-23-9-b-msf4c[0m
{"level":"warn","ts":1568885618.0231977,"logger":"fallback-logger","caller":"logging/config.go:69","msg":"Fetch GitHub commit ID from kodata failed: \"ref: refs/heads/master\" is not a valid GitHub commit ID"}
{"level":"info","ts":1568885619.083573,"logger":"fallback-logger","caller":"git/git.go:102","msg":"Successfully cloned https://github.com/cb-kubecd/environment-pr-23-9-boot-local-staging.git @ 2752125db436365463effba4ae67fd1285c837f1 in path /workspace/source"}

Showing logs for build [32mcb-kubecd-environment-pr-23-9-b-wmn8n-1[0m stage [32mfrom-build-pack[0m and container [32mstep-git-merge[0m
Using SHAs from PULL_REFS=master:580b3e8a97b0b008aabb8bd6c42094a9aa0ed7aa,3:2752125db436365463effba4ae67fd1285c837f1
DEBUG: ran git fetch --unshallow origin 2752125db436365463effba4ae67fd1285c837f1: 580b3e8a97b0b008aabb8bd6c42094a9aa0ed7aa: in 
DEBUG: ran git checkout master in 
DEBUG: ran git reset --hard 580b3e8a97b0b008aabb8bd6c42094a9aa0ed7aa in 
DEBUG: ran clean --force -d . in 
DEBUG: ran git merge 2752125db436365463effba4ae67fd1285c837f1 in 
Merged SHA 2752125db436365463effba4ae67fd1285c837f1 with commit message 'chore: Promote bdd-sbhg-1568885046 to version 0.0.1' into base branch master

Showing logs for build [32mcb-kubecd-environment-pr-23-9-b-wmn8n-1[0m stage [32mfrom-build-pack[0m and container [32mstep-build-helm-build[0m
WARNING: No $CHART_REPOSITORY defined so using the default value of: http://jenkins-x-chartmuseum:8080
Adding missing Helm repo: storage.googleapis.com https://storage.googleapis.com/chartmuseum.jenkins-x.io
Read credentials for https://storage.googleapis.com/chartmuseum.jenkins-x.io from vault helm/repos
Successfully added Helm repository storage.googleapis.com.
Adding missing Helm repo: jenkins-x-chartmuseum http://jenkins-x-chartmuseum:8080
Read credentials for http://jenkins-x-chartmuseum:8080 from vault helm/repos
Successfully added Helm repository jenkins-x-chartmuseum.
WARNING: No $CHART_REPOSITORY defined so using the default value of: http://jenkins-x-chartmuseum:8080
Adding missing Helm repo: chartmuseum.jenkins-x.io http://chartmuseum.jenkins-x.io
Read credentials for http://chartmuseum.jenkins-x.io from vault helm/repos
Successfully added Helm repository chartmuseum.jenkins-x.io.
