
Showing logs for build [32mcb-kubecd-environment-pr-23-9-b-2x4w6-1[0m stage [32mfrom-build-pack[0m and container [32mstep-credential-initializer-862lw[0m
{"level":"warn","ts":1568886970.6758454,"logger":"fallback-logger","caller":"logging/config.go:69","msg":"Fetch GitHub commit ID from kodata failed: \"ref: refs/heads/master\" is not a valid GitHub commit ID"}
{"level":"info","ts":1568886970.6771002,"logger":"fallback-logger","caller":"creds-init/main.go:40","msg":"Credentials initialized."}

Showing logs for build [32mcb-kubecd-environment-pr-23-9-b-2x4w6-1[0m stage [32mfrom-build-pack[0m and container [32mstep-working-dir-initializer-dtn4n[0m
{"level":"warn","ts":1568886971.592381,"logger":"fallback-logger","caller":"logging/config.go:69","msg":"Fetch GitHub commit ID from kodata failed: open /var/run/ko/HEAD: no such file or directory"}
{"level":"info","ts":1568886971.5942612,"logger":"fallback-logger","caller":"bash/main.go:65","msg":"Successfully executed command \"mkdir -p /workspace/source /workspace/source/env\""}

Showing logs for build [32mcb-kubecd-environment-pr-23-9-b-2x4w6-1[0m stage [32mfrom-build-pack[0m and container [32mstep-place-tools[0m

Showing logs for build [32mcb-kubecd-environment-pr-23-9-b-2x4w6-1[0m stage [32mfrom-build-pack[0m and container [32mstep-git-source-cb-kubecd-environment-pr-23-9-b-m46gf[0m
{"level":"warn","ts":1568886975.7389963,"logger":"fallback-logger","caller":"logging/config.go:69","msg":"Fetch GitHub commit ID from kodata failed: \"ref: refs/heads/master\" is not a valid GitHub commit ID"}
{"level":"info","ts":1568886976.8005931,"logger":"fallback-logger","caller":"git/git.go:102","msg":"Successfully cloned https://github.com/cb-kubecd/environment-pr-23-9-boot-local-staging.git @ fc67bba34e2835a05ffcc35dd93a7c7f7e5e2127 in path /workspace/source"}

Showing logs for build [32mcb-kubecd-environment-pr-23-9-b-2x4w6-1[0m stage [32mfrom-build-pack[0m and container [32mstep-git-merge[0m
Using SHAs from PULL_REFS=master:be0b7e009aac5d1e77e4b15c16465010ea70a8bc,5:fc67bba34e2835a05ffcc35dd93a7c7f7e5e2127
DEBUG: ran git fetch --unshallow origin fc67bba34e2835a05ffcc35dd93a7c7f7e5e2127: be0b7e009aac5d1e77e4b15c16465010ea70a8bc: in 
DEBUG: ran git checkout master in 
DEBUG: ran git reset --hard be0b7e009aac5d1e77e4b15c16465010ea70a8bc in 
DEBUG: ran clean --force -d . in 
DEBUG: ran git merge fc67bba34e2835a05ffcc35dd93a7c7f7e5e2127 in 
Merged SHA fc67bba34e2835a05ffcc35dd93a7c7f7e5e2127 with commit message 'chore: Promote bdd-nh-1568885046 to version 0.0.1' into base branch master

Showing logs for build [32mcb-kubecd-environment-pr-23-9-b-2x4w6-1[0m stage [32mfrom-build-pack[0m and container [32mstep-build-helm-build[0m
WARNING: No $CHART_REPOSITORY defined so using the default value of: http://jenkins-x-chartmuseum:8080
Adding missing Helm repo: storage.googleapis.com https://storage.googleapis.com/chartmuseum.jenkins-x.io
Read credentials for https://storage.googleapis.com/chartmuseum.jenkins-x.io from vault helm/repos
Successfully added Helm repository storage.googleapis.com.
Adding missing Helm repo: jenkins-x-chartmuseum http://jenkins-x-chartmuseum:8080
Read credentials for http://jenkins-x-chartmuseum:8080 from vault helm/repos
Successfully added Helm repository jenkins-x-chartmuseum.
WARNING: No $CHART_REPOSITORY defined so using the default value of: http://jenkins-x-chartmuseum:8080
Adding missing Helm repo: chartmuseum.jenkins-x.io http://chartmuseum.jenkins-x.io
Read credentials for http://chartmuseum.jenkins-x.io from vault helm/repos
Successfully added Helm repository chartmuseum.jenkins-x.io.
